2015-04-17 10:15:48.259 ERROR 6800 --- [main] o.s.b.l.LoggingApplicationListener       : Cannot set level: logging.level.org.springframework=DEBUG  for '*'
2015-04-17 10:15:49.280  INFO 6800 --- [main] com.pitatto.App                          : Starting App v1.0.0-SNAPSHOT on CSMD220 with PID 6800 (C:\Users\admin\pitattoAPI\target\pitattoAPI-1.0.0-SNAPSHOT.jar started by admin in C:\Users\admin\pitattoAPI\target)
2015-04-17 10:15:49.469  INFO 6800 --- [main] ationConfigEmbeddedWebApplicationContext : Refreshing org.springframework.boot.context.embedded.AnnotationConfigEmbeddedWebApplicationContext@5f297ee0: startup date [Fri Apr 17 10:15:49 JST 2015]; root of context hierarchy
2015-04-17 10:15:54.388  INFO 6800 --- [main] o.s.b.f.s.DefaultListableBeanFactory     : Overriding bean definition for bean 'beanNameViewResolver': replacing [Root bean: class [null]; scope=; abstract=false; lazyInit=false; autowireMode=3; dependencyCheck=0; autowireCandidate=true; primary=false; factoryBeanName=org.springframework.boot.autoconfigure.web.ErrorMvcAutoConfiguration$WhitelabelErrorViewConfiguration; factoryMethodName=beanNameViewResolver; initMethodName=null; destroyMethodName=(inferred); defined in class path resource [org/springframework/boot/autoconfigure/web/ErrorMvcAutoConfiguration$WhitelabelErrorViewConfiguration.class]] with [Root bean: class [null]; scope=; abstract=false; lazyInit=false; autowireMode=3; dependencyCheck=0; autowireCandidate=true; primary=false; factoryBeanName=org.springframework.boot.autoconfigure.web.WebMvcAutoConfiguration$WebMvcAutoConfigurationAdapter; factoryMethodName=beanNameViewResolver; initMethodName=null; destroyMethodName=(inferred); defined in class path resource [org/springframework/boot/autoconfigure/web/WebMvcAutoConfiguration$WebMvcAutoConfigurationAdapter.class]]
2015-04-17 10:15:58.610  INFO 6800 --- [main] trationDelegate$BeanPostProcessorChecker : Bean 'org.springframework.transaction.annotation.ProxyTransactionManagementConfiguration' of type [class org.springframework.transaction.annotation.ProxyTransactionManagementConfiguration$$EnhancerBySpringCGLIB$$de46f7cf] is not eligible for getting processed by all BeanPostProcessors (for example: not eligible for auto-proxying)
2015-04-17 10:15:58.727  INFO 6800 --- [main] trationDelegate$BeanPostProcessorChecker : Bean 'transactionAttributeSource' of type [class org.springframework.transaction.annotation.AnnotationTransactionAttributeSource] is not eligible for getting processed by all BeanPostProcessors (for example: not eligible for auto-proxying)
2015-04-17 10:15:58.782  INFO 6800 --- [main] trationDelegate$BeanPostProcessorChecker : Bean 'transactionInterceptor' of type [class org.springframework.transaction.interceptor.TransactionInterceptor] is not eligible for getting processed by all BeanPostProcessors (for example: not eligible for auto-proxying)
2015-04-17 10:15:58.817  INFO 6800 --- [main] trationDelegate$BeanPostProcessorChecker : Bean 'org.springframework.transaction.config.internalTransactionAdvisor' of type [class org.springframework.transaction.interceptor.BeanFactoryTransactionAttributeSourceAdvisor] is not eligible for getting processed by all BeanPostProcessors (for example: not eligible for auto-proxying)
2015-04-17 10:16:01.562  INFO 6800 --- [main] s.b.c.e.t.TomcatEmbeddedServletContainer : Tomcat initialized with port(s): 8080 (http)
2015-04-17 10:16:02.575  INFO 6800 --- [main] o.apache.catalina.core.StandardService   : Starting service Tomcat
2015-04-17 10:16:02.583  INFO 6800 --- [main] org.apache.catalina.core.StandardEngine  : Starting Servlet Engine: Apache Tomcat/8.0.20
2015-04-17 10:16:03.073  INFO 6800 --- [localhost-startStop-1] o.a.c.c.C.[Tomcat].[localhost].[/]       : Initializing Spring embedded WebApplicationContext
2015-04-17 10:16:03.073  INFO 6800 --- [localhost-startStop-1] o.s.web.context.ContextLoader            : Root WebApplicationContext: initialization completed in 13614 ms
2015-04-17 10:16:06.791  INFO 6800 --- [localhost-startStop-1] o.s.b.c.e.ServletRegistrationBean        : Mapping servlet: 'dispatcherServlet' to [/]
2015-04-17 10:16:06.820  INFO 6800 --- [localhost-startStop-1] o.s.b.c.embedded.FilterRegistrationBean  : Mapping filter: 'characterEncodingFilter' to: [/*]
2015-04-17 10:16:06.825  INFO 6800 --- [localhost-startStop-1] o.s.b.c.embedded.FilterRegistrationBean  : Mapping filter: 'hiddenHttpMethodFilter' to: [/*]
2015-04-17 10:16:07.758  INFO 6800 --- [main] j.LocalContainerEntityManagerFactoryBean : Building JPA container EntityManagerFactory for persistence unit 'default'
2015-04-17 10:16:08.408  INFO 6800 --- [main] o.hibernate.annotations.common.Version   : HCANN000001: Hibernate Commons Annotations {4.0.2.Final}
2015-04-17 10:16:08.451  INFO 6800 --- [main] org.hibernate.Version                    : HHH000412: Hibernate Core {4.2.13.Final}
2015-04-17 10:16:08.475  INFO 6800 --- [main] org.hibernate.cfg.Environment            : HHH000206: hibernate.properties not found
2015-04-17 10:16:08.476  INFO 6800 --- [main] org.hibernate.cfg.Environment            : HHH000021: Bytecode provider name : javassist
2015-04-17 10:16:08.589  INFO 6800 --- [main] org.hibernate.ejb.Ejb3Configuration      : HHH000204: Processing PersistenceUnitInfo [
	name: default
	...]
2015-04-17 10:16:09.433  INFO 6800 --- [main] o.h.s.j.c.i.ConnectionProviderInitiator  : HHH000130: Instantiating explicit connection provider: org.hibernate.ejb.connection.InjectedDataSourceConnectionProvider
2015-04-17 10:16:10.331  INFO 6800 --- [main] org.hibernate.dialect.Dialect            : HHH000400: Using dialect: com.pitatto.config.SQLiteDialect
2015-04-17 10:16:10.386  INFO 6800 --- [main] o.h.e.jdbc.internal.LobCreatorBuilder    : HHH000423: Disabling contextual LOB creation as JDBC driver reported JDBC version [2] less than 4
2015-04-17 10:16:11.188  INFO 6800 --- [main] o.h.e.t.i.TransactionFactoryInitiator    : HHH000268: Transaction strategy: org.hibernate.engine.transaction.internal.jdbc.JdbcTransactionFactory
2015-04-17 10:16:11.211  INFO 6800 --- [main] o.h.h.i.ast.ASTQueryTranslatorFactory    : HHH000397: Using ASTQueryTranslatorFactory
2015-04-17 10:16:12.859  INFO 6800 --- [main] org.hibernate.tool.hbm2ddl.SchemaUpdate  : HHH000228: Running hbm2ddl schema update
2015-04-17 10:16:12.861  INFO 6800 --- [main] org.hibernate.tool.hbm2ddl.SchemaUpdate  : HHH000102: Fetching database metadata
2015-04-17 10:16:12.873  INFO 6800 --- [main] org.hibernate.tool.hbm2ddl.SchemaUpdate  : HHH000396: Updating schema
2015-04-17 10:16:12.879  INFO 6800 --- [main] java.sql.DatabaseMetaData                : HHH000262: Table not found: m_company
2015-04-17 10:16:12.879  INFO 6800 --- [main] java.sql.DatabaseMetaData                : HHH000262: Table not found: m_company_address
2015-04-17 10:16:12.889  INFO 6800 --- [main] java.sql.DatabaseMetaData                : HHH000262: Table not found: m_company_industrial_class
2015-04-17 10:16:12.889  INFO 6800 --- [main] java.sql.DatabaseMetaData                : HHH000262: Table not found: m_country_region
2015-04-17 10:16:12.889  INFO 6800 --- [main] java.sql.DatabaseMetaData                : HHH000262: Table not found: m_industrial_class_l
2015-04-17 10:16:12.901  INFO 6800 --- [main] java.sql.DatabaseMetaData                : HHH000262: Table not found: m_industrial_class_m
2015-04-17 10:16:12.901  INFO 6800 --- [main] java.sql.DatabaseMetaData                : HHH000262: Table not found: m_prefecture
2015-04-17 10:16:12.901  INFO 6800 --- [main] java.sql.DatabaseMetaData                : HHH000262: Table not found: t_company_recruit_site_page
2015-04-17 10:16:12.911  INFO 6800 --- [main] java.sql.DatabaseMetaData                : HHH000262: Table not found: m_company
2015-04-17 10:16:12.911  INFO 6800 --- [main] java.sql.DatabaseMetaData                : HHH000262: Table not found: m_company_address
2015-04-17 10:16:12.911  INFO 6800 --- [main] java.sql.DatabaseMetaData                : HHH000262: Table not found: m_company_industrial_class
2015-04-17 10:16:12.921  INFO 6800 --- [main] java.sql.DatabaseMetaData                : HHH000262: Table not found: m_country_region
2015-04-17 10:16:12.923  INFO 6800 --- [main] java.sql.DatabaseMetaData                : HHH000262: Table not found: m_industrial_class_l
2015-04-17 10:16:12.923  INFO 6800 --- [main] java.sql.DatabaseMetaData                : HHH000262: Table not found: m_industrial_class_m
2015-04-17 10:16:12.923  INFO 6800 --- [main] java.sql.DatabaseMetaData                : HHH000262: Table not found: m_prefecture
2015-04-17 10:16:12.933  INFO 6800 --- [main] java.sql.DatabaseMetaData                : HHH000262: Table not found: t_company_recruit_site_page
2015-04-17 10:16:12.933  INFO 6800 --- [main] java.sql.DatabaseMetaData                : HHH000262: Table not found: m_company
2015-04-17 10:16:12.933  INFO 6800 --- [main] java.sql.DatabaseMetaData                : HHH000262: Table not found: m_company_address
2015-04-17 10:16:12.945  INFO 6800 --- [main] java.sql.DatabaseMetaData                : HHH000262: Table not found: m_company_industrial_class
2015-04-17 10:16:12.945  INFO 6800 --- [main] java.sql.DatabaseMetaData                : HHH000262: Table not found: m_country_region
2015-04-17 10:16:12.945  INFO 6800 --- [main] java.sql.DatabaseMetaData                : HHH000262: Table not found: m_industrial_class_l
2015-04-17 10:16:12.945  INFO 6800 --- [main] java.sql.DatabaseMetaData                : HHH000262: Table not found: m_industrial_class_m
2015-04-17 10:16:12.955  INFO 6800 --- [main] java.sql.DatabaseMetaData                : HHH000262: Table not found: m_prefecture
2015-04-17 10:16:12.955  INFO 6800 --- [main] java.sql.DatabaseMetaData                : HHH000262: Table not found: t_company_recruit_site_page
2015-04-17 10:16:13.188  INFO 6800 --- [main] org.hibernate.tool.hbm2ddl.SchemaUpdate  : HHH000232: Schema update complete
2015-04-17 10:16:19.875  INFO 6800 --- [main] s.w.s.m.m.a.RequestMappingHandlerAdapter : Looking for @ControllerAdvice: org.springframework.boot.context.embedded.AnnotationConfigEmbeddedWebApplicationContext@5f297ee0: startup date [Fri Apr 17 10:15:49 JST 2015]; root of context hierarchy
2015-04-17 10:16:20.295  INFO 6800 --- [main] s.w.s.m.m.a.RequestMappingHandlerMapping : Mapped "{[/api/v1/login],methods=[GET],params=[],headers=[],consumes=[],produces=[],custom=[]}" onto java.lang.String com.pitatto.api.PitattoController.check(java.security.Principal)
2015-04-17 10:16:20.296  INFO 6800 --- [main] s.w.s.m.m.a.RequestMappingHandlerMapping : Mapped "{[/api/v1/search],methods=[POST],params=[],headers=[],consumes=[],produces=[],custom=[]}" onto org.springframework.http.ResponseEntity<com.pitatto.response.SearchResponseEntity> com.pitatto.api.PitattoController.searchPost(com.pitatto.request.SearchRequest)
2015-04-17 10:16:20.296  INFO 6800 --- [main] s.w.s.m.m.a.RequestMappingHandlerMapping : Mapped "{[/api/v1/search],methods=[GET],params=[],headers=[],consumes=[],produces=[],custom=[]}" onto org.springframework.http.ResponseEntity<com.pitatto.response.SearchResponseEntity> com.pitatto.api.PitattoController.searchGet(java.lang.String,java.lang.String,java.lang.String,java.lang.String,java.lang.String,java.lang.String,java.lang.String)
2015-04-17 10:16:20.306  INFO 6800 --- [main] s.w.s.m.m.a.RequestMappingHandlerMapping : Mapped "{[/api/v1/getCategory],methods=[GET],params=[],headers=[],consumes=[],produces=[],custom=[]}" onto org.springframework.http.ResponseEntity<com.pitatto.response.IndustrialClassResponseEntity> com.pitatto.api.PitattoController.getCompanyIndustrialClassGet(int)
2015-04-17 10:16:20.306  INFO 6800 --- [main] s.w.s.m.m.a.RequestMappingHandlerMapping : Mapped "{[/api/v1/getCategory],methods=[POST],params=[],headers=[],consumes=[],produces=[],custom=[]}" onto org.springframework.http.ResponseEntity<com.pitatto.response.IndustrialClassResponseEntity> com.pitatto.api.PitattoController.getCompanyIndustrialClassPost(com.pitatto.request.CategoryRequest)
2015-04-17 10:16:20.318  INFO 6800 --- [main] s.w.s.m.m.a.RequestMappingHandlerMapping : Mapped "{[/api/v1/getArea],methods=[GET],params=[],headers=[],consumes=[],produces=[],custom=[]}" onto org.springframework.http.ResponseEntity<com.pitatto.response.AreaResponseEntity> com.pitatto.api.PitattoController.getCountryRegionGet(int)
2015-04-17 10:16:20.318  INFO 6800 --- [main] s.w.s.m.m.a.RequestMappingHandlerMapping : Mapped "{[/api/v1/getArea],methods=[POST],params=[],headers=[],consumes=[],produces=[],custom=[]}" onto org.springframework.http.ResponseEntity<com.pitatto.response.AreaResponseEntity> com.pitatto.api.PitattoController.getCountryRegionPost(com.pitatto.request.AreaRequest)
2015-04-17 10:16:20.328  INFO 6800 --- [main] s.w.s.m.m.a.RequestMappingHandlerMapping : Mapped "{[/api/v1/getCompanyInfo],methods=[GET],params=[],headers=[],consumes=[],produces=[],custom=[]}" onto org.springframework.http.ResponseEntity<com.pitatto.response.CompanyInfoResponseEntity> com.pitatto.api.PitattoController.companyInfoGet(java.lang.String)
2015-04-17 10:16:20.328  INFO 6800 --- [main] s.w.s.m.m.a.RequestMappingHandlerMapping : Mapped "{[/api/v1/getCompanyInfo],methods=[POST],params=[],headers=[],consumes=[],produces=[],custom=[]}" onto org.springframework.http.ResponseEntity<com.pitatto.response.CompanyInfoResponseEntity> com.pitatto.api.PitattoController.companyInfoPost(com.pitatto.request.CompanyInfoRequest)
2015-04-17 10:16:20.328  INFO 6800 --- [main] s.w.s.m.m.a.RequestMappingHandlerMapping : Mapped "{[/api/v1/userIdAvailability],methods=[GET],params=[],headers=[],consumes=[],produces=[],custom=[]}" onto org.springframework.http.ResponseEntity<com.pitatto.response.UserIdAvailabilityResponseEntity> com.pitatto.api.PitattoController.userIdAvailabilityGet(java.lang.String)
2015-04-17 10:16:20.340  INFO 6800 --- [main] s.w.s.m.m.a.RequestMappingHandlerMapping : Mapped "{[/api/v1/userIdAvailability],methods=[POST],params=[],headers=[],consumes=[],produces=[],custom=[]}" onto org.springframework.http.ResponseEntity<com.pitatto.response.UserIdAvailabilityResponseEntity> com.pitatto.api.PitattoController.userIdAvailabilityPost(com.pitatto.request.UserIdAvailabilityRequest)
2015-04-17 10:16:20.340  INFO 6800 --- [main] s.w.s.m.m.a.RequestMappingHandlerMapping : Mapped "{[/api/v1/putCategory],methods=[POST],params=[],headers=[],consumes=[],produces=[],custom=[]}" onto com.pitatto.entity.IndustrialClassLEntity com.pitatto.api.PitattoController.insertCategoryL(com.pitatto.entity.IndustrialClassLEntity)
2015-04-17 10:16:20.340  INFO 6800 --- [main] s.w.s.m.m.a.RequestMappingHandlerMapping : Mapped "{[/api/v1/putCategoryM],methods=[POST],params=[],headers=[],consumes=[],produces=[],custom=[]}" onto com.pitatto.entity.IndustrialClassMEntity com.pitatto.api.PitattoController.insertCategoryM(com.pitatto.entity.IndustrialClassMEntity)
2015-04-17 10:16:20.361  INFO 6800 --- [main] s.w.s.m.m.a.RequestMappingHandlerMapping : Mapped "{[/error],methods=[],params=[],headers=[],consumes=[],produces=[],custom=[]}" onto public org.springframework.http.ResponseEntity<java.util.Map<java.lang.String, java.lang.Object>> org.springframework.boot.autoconfigure.web.BasicErrorController.error(javax.servlet.http.HttpServletRequest)
2015-04-17 10:16:20.361  INFO 6800 --- [main] s.w.s.m.m.a.RequestMappingHandlerMapping : Mapped "{[/error],methods=[],params=[],headers=[],consumes=[],produces=[text/html],custom=[]}" onto public org.springframework.web.servlet.ModelAndView org.springframework.boot.autoconfigure.web.BasicErrorController.errorHtml(javax.servlet.http.HttpServletRequest)
2015-04-17 10:16:20.579  INFO 6800 --- [main] o.s.w.s.handler.SimpleUrlHandlerMapping  : Mapped URL path [/**] onto handler of type [class org.springframework.web.servlet.resource.ResourceHttpRequestHandler]
2015-04-17 10:16:20.582  INFO 6800 --- [main] o.s.w.s.handler.SimpleUrlHandlerMapping  : Mapped URL path [/webjars/**] onto handler of type [class org.springframework.web.servlet.resource.ResourceHttpRequestHandler]
2015-04-17 10:16:20.897  INFO 6800 --- [main] o.s.w.s.handler.SimpleUrlHandlerMapping  : Mapped URL path [/**/favicon.ico] onto handler of type [class org.springframework.web.servlet.resource.ResourceHttpRequestHandler]
2015-04-17 10:16:22.192  INFO 6800 --- [main] o.s.j.e.a.AnnotationMBeanExporter        : Registering beans for JMX exposure on startup
2015-04-17 10:16:22.554  INFO 6800 --- [main] s.b.c.e.t.TomcatEmbeddedServletContainer : Tomcat started on port(s): 8080 (http)
2015-04-17 10:16:22.564  INFO 6800 --- [main] com.pitatto.App                          : Started App in 35.574 seconds (JVM running for 38.176)
2015-04-17 10:16:44.687  INFO 6800 --- [Thread-2] ationConfigEmbeddedWebApplicationContext : Closing org.springframework.boot.context.embedded.AnnotationConfigEmbeddedWebApplicationContext@5f297ee0: startup date [Fri Apr 17 10:15:49 JST 2015]; root of context hierarchy
2015-04-17 10:16:44.696  INFO 6800 --- [Thread-2] o.s.j.e.a.AnnotationMBeanExporter        : Unregistering JMX-exposed beans on shutdown
2015-04-17 10:16:44.737  INFO 6800 --- [Thread-2] j.LocalContainerEntityManagerFactoryBean : Closing JPA EntityManagerFactory for persistence unit 'default'
